[2026-04-10 03:11:56] ============================================================
[2026-04-10 03:11:56] INICIANDO MONITORAMENTO PNCP
[2026-04-10 03:11:56] Período: 20260403 a 20260410
[2026-04-10 03:11:56] Consultando MG | Concorrência Eletrônica...
[2026-04-10 03:11:56]   ERRO: HTTPSConnectionPool(host='pncp.gov.br', port=443): Max retries exceeded with url: /api/consulta/v1/contratacoes/publicacao?dataInicial=20260403&dataFinal=20260410&uf=MG&tamanhoPagina=50&pagina=1&codigoModalidadeContratacao=4 (Caused by ProxyError('Unable to connect to proxy', OSError('Tunnel connection failed: 403 Forbidden')))
[2026-04-10 03:11:56] Consultando MG | Concorrência Presencial...
[2026-04-10 03:11:56]   ERRO: HTTPSConnectionPool(host='pncp.gov.br', port=443): Max retries exceeded with url: /api/consulta/v1/contratacoes/publicacao?dataInicial=20260403&dataFinal=20260410&uf=MG&tamanhoPagina=50&pagina=1&codigoModalidadeContratacao=5 (Caused by ProxyError('Unable to connect to proxy', OSError('Tunnel connection failed: 403 Forbidden')))
[2026-04-10 03:11:57] Consultando MG | Pregão Eletrônico...
[2026-04-10 03:11:57]   ERRO: HTTPSConnectionPool(host='pncp.gov.br', port=443): Max retries exceeded with url: /api/consulta/v1/contratacoes/publicacao?dataInicial=20260403&dataFinal=20260410&uf=MG&tamanhoPagina=50&pagina=1&codigoModalidadeContratacao=6 (Caused by ProxyError('Unable to connect to proxy', OSError('Tunnel connection failed: 403 Forbidden')))
[2026-04-10 03:11:57] Consultando MG | Pregão Presencial...
[2026-04-10 03:11:57]   ERRO: HTTPSConnectionPool(host='pncp.gov.br', port=443): Max retries exceeded with url: /api/consulta/v1/contratacoes/publicacao?dataInicial=20260403&dataFinal=20260410&uf=MG&tamanhoPagina=50&pagina=1&codigoModalidadeContratacao=7 (Caused by ProxyError('Unable to connect to proxy', OSError('Tunnel connection failed: 403 Forbidden')))
[2026-04-10 03:11:57] Consultando MG | Dispensa de Licitação...
[2026-04-10 03:11:57]   ERRO: HTTPSConnectionPool(host='pncp.gov.br', port=443): Max retries exceeded with url: /api/consulta/v1/contratacoes/publicacao?dataInicial=20260403&dataFinal=20260410&uf=MG&tamanhoPagina=50&pagina=1&codigoModalidadeContratacao=8 (Caused by ProxyError('Unable to connect to proxy', OSError('Tunnel connection failed: 403 Forbidden')))
[2026-04-10 03:11:58] Consultando MG | Inexigibilidade...
[2026-04-10 03:11:58]   ERRO: HTTPSConnectionPool(host='pncp.gov.br', port=443): Max retries exceeded with url: /api/consulta/v1/contratacoes/publicacao?dataInicial=20260403&dataFinal=20260410&uf=MG&tamanhoPagina=50&pagina=1&codigoModalidadeContratacao=9 (Caused by ProxyError('Unable to connect to proxy', OSError('Tunnel connection failed: 403 Forbidden')))
[2026-04-10 03:11:58] Consultando MG | Credenciamento...
[2026-04-10 03:11:58]   ERRO: HTTPSConnectionPool(host='pncp.gov.br', port=443): Max retries exceeded with url: /api/consulta/v1/contratacoes/publicacao?dataInicial=20260403&dataFinal=20260410&uf=MG&tamanhoPagina=50&pagina=1&codigoModalidadeContratacao=12 (Caused by ProxyError('Unable to connect to proxy', OSError('Tunnel connection failed: 403 Forbidden')))
[2026-04-10 03:11:58] Consultando GO | Concorrência Eletrônica...
[2026-04-10 03:11:58]   ERRO: HTTPSConnectionPool(host='pncp.gov.br', port=443): Max retries exceeded with url: /api/consulta/v1/contratacoes/publicacao?dataInicial=20260403&dataFinal=20260410&uf=GO&tamanhoPagina=50&pagina=1&codigoModalidadeContratacao=4 (Caused by ProxyError('Unable to connect to proxy', OSError('Tunnel connection failed: 403 Forbidden')))
[2026-04-10 03:11:59] Consultando GO | Concorrência Presencial...
[2026-04-10 03:11:59]   ERRO: HTTPSConnectionPool(host='pncp.gov.br', port=443): Max retries exceeded with url: /api/consulta/v1/contratacoes/publicacao?dataInicial=20260403&dataFinal=20260410&uf=GO&tamanhoPagina=50&pagina=1&codigoModalidadeContratacao=5 (Caused by ProxyError('Unable to connect to proxy', OSError('Tunnel connection failed: 403 Forbidden')))
[2026-04-10 03:11:59] Consultando GO | Pregão Eletrônico...
[2026-04-10 03:11:59]   ERRO: HTTPSConnectionPool(host='pncp.gov.br', port=443): Max retries exceeded with url: /api/consulta/v1/contratacoes/publicacao?dataInicial=20260403&dataFinal=20260410&uf=GO&tamanhoPagina=50&pagina=1&codigoModalidadeContratacao=6 (Caused by ProxyError('Unable to connect to proxy', OSError('Tunnel connection failed: 403 Forbidden')))
[2026-04-10 03:11:59] Consultando GO | Pregão Presencial...
[2026-04-10 03:11:59]   ERRO: HTTPSConnectionPool(host='pncp.gov.br', port=443): Max retries exceeded with url: /api/consulta/v1/contratacoes/publicacao?dataInicial=20260403&dataFinal=20260410&uf=GO&tamanhoPagina=50&pagina=1&codigoModalidadeContratacao=7 (Caused by ProxyError('Unable to connect to proxy', OSError('Tunnel connection failed: 403 Forbidden')))
[2026-04-10 03:12:00] Consultando GO | Dispensa de Licitação...
[2026-04-10 03:12:00]   ERRO: HTTPSConnectionPool(host='pncp.gov.br', port=443): Max retries exceeded with url: /api/consulta/v1/contratacoes/publicacao?dataInicial=20260403&dataFinal=20260410&uf=GO&tamanhoPagina=50&pagina=1&codigoModalidadeContratacao=8 (Caused by ProxyError('Unable to connect to proxy', OSError('Tunnel connection failed: 403 Forbidden')))
[2026-04-10 03:12:00] Consultando GO | Inexigibilidade...
[2026-04-10 03:12:00]   ERRO: HTTPSConnectionPool(host='pncp.gov.br', port=443): Max retries exceeded with url: /api/consulta/v1/contratacoes/publicacao?dataInicial=20260403&dataFinal=20260410&uf=GO&tamanhoPagina=50&pagina=1&codigoModalidadeContratacao=9 (Caused by ProxyError('Unable to connect to proxy', OSError('Tunnel connection failed: 403 Forbidden')))
[2026-04-10 03:12:00] Consultando GO | Credenciamento...
[2026-04-10 03:12:00]   ERRO: HTTPSConnectionPool(host='pncp.gov.br', port=443): Max retries exceeded with url: /api/consulta/v1/contratacoes/publicacao?dataInicial=20260403&dataFinal=20260410&uf=GO&tamanhoPagina=50&pagina=1&codigoModalidadeContratacao=12 (Caused by ProxyError('Unable to connect to proxy', OSError('Tunnel connection failed: 403 Forbidden')))
[2026-04-10 03:12:00] Consultando SP | Concorrência Eletrônica...
[2026-04-10 03:12:00]   ERRO: HTTPSConnectionPool(host='pncp.gov.br', port=443): Max retries exceeded with url: /api/consulta/v1/contratacoes/publicacao?dataInicial=20260403&dataFinal=20260410&uf=SP&tamanhoPagina=50&pagina=1&codigoModalidadeContratacao=4 (Caused by ProxyError('Unable to connect to proxy', OSError('Tunnel connection failed: 403 Forbidden')))
[2026-04-10 03:12:01] Consultando SP | Concorrência Presencial...
[2026-04-10 03:12:01]   ERRO: HTTPSConnectionPool(host='pncp.gov.br', port=443): Max retries exceeded with url: /api/consulta/v1/contratacoes/publicacao?dataInicial=20260403&dataFinal=20260410&uf=SP&tamanhoPagina=50&pagina=1&codigoModalidadeContratacao=5 (Caused by ProxyError('Unable to connect to proxy', OSError('Tunnel connection failed: 403 Forbidden')))
[2026-04-10 03:12:01] Consultando SP | Pregão Eletrônico...
[2026-04-10 03:12:01]   ERRO: HTTPSConnectionPool(host='pncp.gov.br', port=443): Max retries exceeded with url: /api/consulta/v1/contratacoes/publicacao?dataInicial=20260403&dataFinal=20260410&uf=SP&tamanhoPagina=50&pagina=1&codigoModalidadeContratacao=6 (Caused by ProxyError('Unable to connect to proxy', OSError('Tunnel connection failed: 403 Forbidden')))
[2026-04-10 03:12:01] Consultando SP | Pregão Presencial...
[2026-04-10 03:12:01]   ERRO: HTTPSConnectionPool(host='pncp.gov.br', port=443): Max retries exceeded with url: /api/consulta/v1/contratacoes/publicacao?dataInicial=20260403&dataFinal=20260410&uf=SP&tamanhoPagina=50&pagina=1&codigoModalidadeContratacao=7 (Caused by ProxyError('Unable to connect to proxy', OSError('Tunnel connection failed: 403 Forbidden')))
[2026-04-10 03:12:02] Consultando SP | Dispensa de Licitação...
[2026-04-10 03:12:02]   ERRO: HTTPSConnectionPool(host='pncp.gov.br', port=443): Max retries exceeded with url: /api/consulta/v1/contratacoes/publicacao?dataInicial=20260403&dataFinal=20260410&uf=SP&tamanhoPagina=50&pagina=1&codigoModalidadeContratacao=8 (Caused by ProxyError('Unable to connect to proxy', OSError('Tunnel connection failed: 403 Forbidden')))
[2026-04-10 03:12:02] Consultando SP | Inexigibilidade...
[2026-04-10 03:12:02]   ERRO: HTTPSConnectionPool(host='pncp.gov.br', port=443): Max retries exceeded with url: /api/consulta/v1/contratacoes/publicacao?dataInicial=20260403&dataFinal=20260410&uf=SP&tamanhoPagina=50&pagina=1&codigoModalidadeContratacao=9 (Caused by ProxyError('Unable to connect to proxy', OSError('Tunnel connection failed: 403 Forbidden')))
[2026-04-10 03:12:02] Consultando SP | Credenciamento...
[2026-04-10 03:12:02]   ERRO: HTTPSConnectionPool(host='pncp.gov.br', port=443): Max retries exceeded with url: /api/consulta/v1/contratacoes/publicacao?dataInicial=20260403&dataFinal=20260410&uf=SP&tamanhoPagina=50&pagina=1&codigoModalidadeContratacao=12 (Caused by ProxyError('Unable to connect to proxy', OSError('Tunnel connection failed: 403 Forbidden')))
[2026-04-10 03:12:03] Total consultado: 0 contratações
[2026-04-10 03:12:03] Novos matches SST: 0
[2026-04-10 03:12:03] Total ativo no banco: 0
[2026-04-10 03:12:03] MONITORAMENTO CONCLUÍDO
[2026-04-10 03:12:03] ============================================================
