[2026-04-09 14:16:26] ============================================================
[2026-04-09 14:16:26] INICIANDO MONITORAMENTO PNCP
[2026-04-09 14:16:26] Período: 20260402 a 20260409
[2026-04-09 14:16:26] Consultando MG | Concorrência Eletrônica...
[2026-04-09 14:16:57]   TIMEOUT: MG mod=4 pg=1
[2026-04-09 14:16:57] Consultando MG | Concorrência Presencial...
[2026-04-09 14:17:23] ============================================================
[2026-04-09 14:17:23] INICIANDO MONITORAMENTO PNCP
[2026-04-09 14:17:23] Período: 20260406 a 20260409
[2026-04-09 14:17:23] Consultando MG | Concorrência Eletrônica...
[2026-04-09 14:17:24]   >> MATCH [45] [LICITANET] - Contratação de empresa especializada para execução de obra de enge...
[2026-04-09 14:17:24]   >> MATCH [35] CONTRATAÇÃO DE EMPRESA ESPECIALIZADA OBJETIVANDO A CONSTRUÇÃO DE QUADRA POLIESPO...
[2026-04-09 14:17:24]   >> MATCH [45] PERMISSÃO DE LICENÇA PARA EXPLORAÇÃO DE USO DO ESPAÇO PÚBLICO RESERVADO PARA FUN...
[2026-04-09 14:17:24]   >> MATCH [35] CONTRATAÇÃO DE EMPRESA DA ÁREA DE ENGENHARIA PARA REALIZAR  RECAPEAMENTO EM CBUQ...
[2026-04-09 14:17:24]   >> MATCH [45] Execução de obras e serviços de engenharia, sob o regime de empreitada por preço...
[2026-04-09 14:17:24]   >> MATCH [45] CONTRATAÇÃO DE EMPRESA ESPECIALIZADA EM ENGENHARIA CIVIL PARA EXECUÇÃO DE CONSTR...
[2026-04-09 14:17:24]   >> MATCH [35] CONTRATAÇÃO DE EMPRESA ESPECIALIZADA PARA EXECUÇÃO DOS SERVIÇOS DE REMOÇÃO E REV...
[2026-04-09 14:17:24]   >> MATCH [35] CONTRATAÇÃO DE EMPRESA ESPECIALIZADA PARA EXECUÇÃO DOS  SERVIÇOS DE REMOÇÃO E RE...
[2026-04-09 14:17:24]   >> MATCH [35] CONTRATAÇÃO DE EMPRESA PARA A REALIZAÇÃO DE REFORMA DA ESCOLA MUNICIPAL PADRE AR...
[2026-04-09 14:17:24]   >> MATCH [35] [Portal de Compras Públicas] - CONTRATAÇÃO DE EMPRESA PARA REFORMA E AMPLIAÇÃO P...
[2026-04-09 14:17:24]   >> MATCH [35] CONTRATAÇÃO DE EMPRESA PARA A PAVIMENTAÇÃO ASFÁLTICA DA ESTRADA VICINAL ENTRE BI...
[2026-04-09 14:17:24]   >> MATCH [45] CONTRATAÇÃO DE EMPRESA ESPECIALIZADA PARA EXECUÇÃO DE OBRA DE REFORMA E AMPLIAÇÃ...
[2026-04-09 14:17:25]   >> MATCH [35] CONTRATAÇÃO DE EMPRESA ESPECIALIZADA PARA EXECUÇÃO DE REDE DE DRENAGEM SUPERFICI...
[2026-04-09 14:17:25]   >> MATCH [45] CONTRATAÇÃO DE EMPRESA ESPECIALIZADA PARA EXECUÇÃO DE OBRA, INCLUINDO O FORNECIM...
[2026-04-09 14:17:25]   >> MATCH [35] [LICITANET] - Contratação de empresa especializada na prestação de serviços de e...
[2026-04-09 14:17:25]   >> MATCH [35] CONTRATAÇÃO DE EMPRESA ESPECIALIZADA PARA A CONSTRUÇÃO DE REDE DE DRENAGEM SUPER...
[2026-04-09 14:17:25]   >> MATCH [35]  CONTRATAÇÃO DE EMPRESA ESPECIALIZADA  PARA A CONSTRUÇÃO DE REDE DE DRENAGEM SUP...
[2026-04-09 14:17:25]   >> MATCH [35] [Portal de Compras Públicas] - CONTRATAÇÃO DE EMPRESA DE ENGENHARIA ESPECIALIZAD...
[2026-04-09 14:17:25]   >> MATCH [35] [Portal de Compras Públicas] - Contratação de empresa especializada para constru...
[2026-04-09 14:17:25]   >> MATCH [30] ADESÃO À ATA DE REGISTRO DE PREÇOS Nº. 109/2025, REFERENTE AO PROCESSO Nº. 131/2...
[2026-04-09 14:17:25]   >> MATCH [35] CONTRATAÇÃO DE EMPRESA ESPECIALIZADA PARA PRESTAÇÃO DE SERVIÇO DE CONSULTORIA E ...
[2026-04-09 14:17:25]   >> MATCH [35] Contratação de empresa especializada no ramo da construção civil para a execução...
[2026-04-09 14:17:25]   >> MATCH [35] Registro de preços para futura e eventual contratação de empresa especializada n...
[2026-04-09 14:17:27] Consultando MG | Concorrência Presencial...
[2026-04-09 14:18:27]   TIMEOUT: MG mod=5 pg=1
[2026-04-09 14:18:27] Consultando MG | Pregão Eletrônico...
[2026-04-09 14:18:28]   >> MATCH [45] Aquisição de materiais descartáveis diversos para a Seção de Subsistência da EPC...
[2026-04-09 14:18:28]   >> MATCH [35] Registro de preço para aquisição de utensílios de copa e cozinha para atender as...
[2026-04-09 14:18:28]   >> MATCH [35] Aquisição de veículos automotores para atender às necessidades operacionais das ...
[2026-04-09 14:18:28]   >> MATCH [45] AQUISIÇÃO DE EQUIPAMENTOS E MATERIAIS PERMANENTES DESTINADOS À ESTRUTURAÇÃO DA C...
[2026-04-09 14:18:28]   >> MATCH [35] [LICITANET] - Contratação de empresa prestadora de serviço operacional de monito...
[2026-04-09 14:18:28]   >> MATCH [45] [LICITANET] - O presente pregão eletrônico tem por objeto a formação de Ata de R...
[2026-04-09 14:18:28]   >> MATCH [45] [LICITANET] - Cessão de direito de uso de software, 100% acessível via web, incl...
[2026-04-09 14:18:28]   >> MATCH [45] Registro de Preços para futura e eventual aquisição de óculos e lentes aos pacie...
[2026-04-09 14:18:28]   >> MATCH [45] REGISTRO DE PREÇOS PARA CONTRATAÇÃO DE EMPRESA ESPECIALIZADA NA LOCAÇÃO DE MESAS...
[2026-04-09 14:18:28]   >> MATCH [35] Registro de Preço para futura e eventual aquisição de insumos para o Setor de Or...
[2026-04-09 14:18:28]   >> MATCH [35] Registro de Preços para aquisição de uniformes a serem utilizados pelas equipes ...
[2026-04-09 14:18:28]   >> MATCH [45] REGISTRO DE PREÇO PARA AQUISIÇÃO DE DE MATERIAIS DE COBERTURAS DE CURATIVO, DEST...
[2026-04-09 14:18:28]   >> MATCH [45] Registro de Preços para a futura e eventual aquisição de refeições prontas (tipo...
[2026-04-09 14:18:28]   >> MATCH [35] Aquisição de ônibus escolar rural destinado ao atendimento de alunos matriculado...
[2026-04-09 14:18:28]   >> MATCH [45] REGISTRO DE PREÇOS PARA FUTURO E EVENTUAL AQUISIÇÃO DE ÁGUA MINERAL E GÁS DE COZ...
[2026-04-09 14:19:30]   TIMEOUT: MG mod=6 pg=2
[2026-04-09 14:19:30] Consultando MG | Pregão Presencial...
[2026-04-09 14:19:31]   >> MATCH [40] REGISTRO DE PREÇOS PARA CONTRATAÇÃO DE EMPRESA ESPECIALIZADA PARA FORNECIMENTO D...
[2026-04-09 14:19:31]   >> MATCH [45] REGISTRO DE PREÇO PARA FUTURAS E EVENTUAIS PRESTAÇÃO DE SERVIÇOS DE BORRACHARIA,...
[2026-04-09 14:19:31]   >> MATCH [45] Permissão de uso a título precário à particulares de áreas e espaços públicos de...
[2026-04-09 14:19:31]   >> MATCH [45] CONTRATAÇÃO DE EMPRESA ESPECIALIZADA PARA PRESTAÇÃO DE SERVIÇOS TÉCNICOS CONTINU...
[2026-04-09 14:19:31]   >> MATCH [35] Registro de preços visando a contratação de empresa para o fornecimento de combu...
[2026-04-09 14:19:31]   >> MATCH [35] CONTRATAÇÕES DE EMPRESA ESPECIALIZADA PARA PRESTAÇÃO DE SERVIÇOS DE INSTALAÇÃO D...
[2026-04-09 14:19:31]   >> MATCH [45] REGISTRO DE PREÇOS OBJETIVANDO A FUTURAS E EVENTUAIS AQUISIÇÕES PARCELADAS DE CE...
[2026-04-09 14:19:31]   >> MATCH [30] ADESÃO À ATA DE REGISTRO DE PREÇOS PARA CONTRATAÇÃO DE EMPRESA DETENTORA DE RECU...
[2026-04-09 14:19:31]   >> MATCH [40] Contratação de pessoa jurídica especializada na prestação de serviços de assesso...
[2026-04-09 14:19:31]   >> MATCH [35] CONTRATAÇÃO DE EMPRESA(S) HABILITADA(S) PARA PRESTAÇÃO DE SERVIÇOS DE LOCAÇÃO DE...
[2026-04-09 14:19:31]   >> MATCH [35] REGISTRO DE PREÇOS PARA FUTURA E EVENTUAL AQUISIÇÃO DE RAÇÃO ANIMAL PARA SUPROR ...
[2026-04-09 14:19:31]   >> MATCH [35]  REGISTRO DE PRECO PARA FORNECIMENTO PARCELADO DE COMBUSTIVEIS PARA O ABASTECIME...
[2026-04-09 14:19:31] Consultando MG | Dispensa de Licitação...
[2026-04-09 14:19:32]   >> MATCH [55] REGISTRO DE PREÇOS PARA FUTURA E EVENTUAL CONTRATAÇÃO DE EMPRESA ESPECIALIZADA N...
[2026-04-09 14:19:32]   >> MATCH [50] REFERE-SE A CONTRATAÇÃO DE SEGURANÇA NOTURNO PARA O EVENTO EM COMEMORAÇÃO AO DIA...
[2026-04-09 14:19:32]   >> MATCH [50] REFERE-SE A AQUISIÇÃO DE KIT COM 400 PARAFUSOS AUTO BROCANTE 12 X 2 . 1/2 PARA O...
[2026-04-09 14:19:32]   >> MATCH [50] REFERE-SE A MÃO DE OBRA PARA TROCA  DE PEÇAS E ACESSÓRIOS DO VEICULO LEVE MOTOCI...
[2026-04-09 14:19:32]   >> MATCH [50] CONTRATAÇÃO DE EMPRESA DE TEATRO PARA APRESENTAÇÃO NAS ESCOLAS DA REDE MUNICIPAL...
[2026-04-09 14:19:32]   >> MATCH [50] REFERE-SE A MÃO DE OBRA PARA TROCA  DE PEÇAS E ACESSÓRIOS DO VEICULO LEVE MOTOCI...
[2026-04-09 14:19:32]   >> MATCH [80] CONTRATAÇÃO DE EMPRESA PARA PRESTAÇÃO DE SERVIÇOS DE SEGURANÇA E MEDICINA DO TRA...
[2026-04-09 14:19:32]   >> MATCH [50] REFERE-SE A AQUISIÇÃO DE PEÇAS E ACESSÓRIOS  PARA O VEICULO LEVE MOTOCICLETA DE ...
[2026-04-09 14:19:32]   >> MATCH [50] CONTRATAÇÃO DE SISTEMA QUE CONTEMPLA CAPACITAÇÃO DESTINADAS AOS GESTORES E DOCEN...
[2026-04-09 14:19:32]   >> MATCH [50] O objeto da presente dispensa é a escolha da proposta mais vantajosa para a pres...
[2026-04-09 14:19:32]   >> MATCH [55] CONTRATAÇÃO DE HORAS TÉCNICAS DE PESSOA JURÍDICA ESPECIALIZADA NA PRESTAÇÃO DE S...
[2026-04-09 14:19:32]   >> MATCH [50] REFERE-SE A AQUISIÇÃO DE SUPORTE PARA BANNER MEDIDA 3 X 2 DESMONTÁVEL E REGULÁVE...
[2026-04-09 14:19:32]   >> MATCH [40] Contratação de empresa especializada para a instalação de películas de proteção ...
[2026-04-09 14:19:32]   >> MATCH [50] Prestação de serviços de capacitação técnica e acompanhamento operacional destin...
[2026-04-09 14:19:32]   >> MATCH [55] CONFECÇÃO DE PASTAS INSTITUCIONAIS PERSONALIZADAS PARA A CÂMARA MUNICIPAL...
[2026-04-09 14:19:32]   >> MATCH [50] Contratação de empresa especializada para manutenção do veículo, em período de g...
[2026-04-09 14:19:32]   >> MATCH [50] AQUISIÇÃO DE PLAQUETAS DE IDENTIFICAÇÃO PATRIMONIAL PARA UTILIZAÇÃO NO CONTROLE ...
[2026-04-09 14:19:32]   >> MATCH [50] Contratação de empresa para manutenção e recarga nos extintores da Câmara Munici...
[2026-04-09 14:19:32]   >> MATCH [50] CONTRATAÇÃO DE PRESTAÇÃO DE SERVIÇOS PARA MANUTENÇÃO DE GELADEIRAS, BEBEDOUROS E...
[2026-04-09 14:19:32]   >> MATCH [55] [LICITANET] - Registro de Preços para futura e eventual aquisição de materiais d...
[2026-04-09 14:19:32]   >> MATCH [50] REFERE-SE A CONTRATAÇÃO DE SEGURANÇA NOTURNO PARA O EVENTO EM COMEMORAÇÃO AO DIA...
[2026-04-09 14:19:32]   >> MATCH [50] Contratação emergencial de empresa especializada para o fornecimento de combustí...
[2026-04-09 14:19:32]   >> MATCH [55] SERVIÇO DE ENCADERNAÇÃO DE LIVROS DE ATAS PARA A CÂMARA MUNICIPAL...
[2026-04-09 14:19:32]   >> MATCH [55] Aquisição de mudas de banana híbrida, mudas frutíferas diversas e mudas ornament...
[2026-04-09 14:19:32]   >> MATCH [55] Materiais de Manutenção : Torneiras, Assento para Vaso Sanitário, Ventilador, Ap...
[2026-04-09 14:19:32]   >> MATCH [50] SERVIÇOS TÉCNICOS PROFISSIONAIS ESPECIALIZADOS DE CONSULTORIA E ASSESSORIA, VISA...
[2026-04-09 14:19:32]   >> MATCH [50] Contratação emergencial de prestação de serviços com máquinas e caminhões com mo...
[2026-04-09 14:19:34]   >> MATCH [50] Contratação de Seguro de vida para a estagiária da Câmara Municipal de João Monl...
[2026-04-09 14:19:34]   >> MATCH [55] Contratação de Instrutor de Música para prestação de serviços ao Município de In...
[2026-04-09 14:19:34]   >> MATCH [50] CONTRATAÇÃO DE EMPRESA PARA PRESTAÇÃO DE SERVIÇOS FORNECIMENTO DE BUFFET PARA AS...
[2026-04-09 14:19:34]   >> MATCH [50] Aquisição emergencial de cestas básicas e kits de higiene pessoal, a serem desti...
[2026-04-09 14:19:34]   >> MATCH [40] Aquisição de equipamentos de informática para ampliação dos atendimentos do Seto...
[2026-04-09 14:19:34]   >> MATCH [40] REFERENTE A AQUISIÇÃO DE CESTA BASICA PARA A SECRETARIA MUNICIPAL DE ASSISTENCIA...
[2026-04-09 14:19:34]   >> MATCH [55] Aquisição de televisor e scanner de mesa com alimentador automático de documento...
[2026-04-09 14:19:34]   >> MATCH [55] Contratação de pessoa jurídica para prestação de serviço de Seguro Total para os...
[2026-04-09 14:19:34]   >> MATCH [50] Contratação de empresa especializada para prestação de serviço de manutenção de ...
[2026-04-09 14:19:34]   >> MATCH [50] Contratação de empresa especializada para prestação de serviços de comunicação d...
[2026-04-09 14:19:34]   >> MATCH [50] Aquisição de materiais e equipamentos de informática para atender as necessidade...
[2026-04-09 14:19:34]   >> MATCH [50] REFERE-SE A AQUISIÇÃO DE UM KIT COM 9 PACOTES DE CHOCOLATES DE 1 KG, DESTINADOS ...
[2026-04-09 14:19:34]   >> MATCH [50] AQUISIÇÃO DE BEBEDOURO, REFRIGERADOR E CONFECÇÃO DE CORTINA, EM CONFORMIDADE COM...
[2026-04-09 14:19:34]   >> MATCH [50] [LICITANET] - Contratação de empresa especializada na prestação de serviços de m...
[2026-04-09 14:19:34]   >> MATCH [55] Aquisição de púlpito institucional, destinado ao uso oficial da Câmara Municipal...
[2026-04-09 14:19:34]   >> MATCH [55] AQUISIÇÃO DE MATERIAL DE HIGIENE E LIMPEZA PARA A CÂMARA MUNICIPAL...
[2026-04-09 14:20:35]   TIMEOUT: MG mod=8 pg=3
[2026-04-09 14:20:36] Consultando MG | Inexigibilidade...
[2026-04-09 14:21:36]   TIMEOUT: MG mod=9 pg=1
[2026-04-09 14:21:37] Consultando MG | Credenciamento...
[2026-04-09 14:22:34]   WARN: status 500 para MG mod=12 pg=1
[2026-04-09 14:22:35] Total consultado: 279 contratações
[2026-04-09 14:22:35] Novos matches SST: 93
[2026-04-09 14:22:35] Total ativo no banco: 93
[2026-04-09 14:22:35] MONITORAMENTO CONCLUÍDO
[2026-04-09 14:22:35] ============================================================
[2026-04-09 14:25:35] ============================================================
[2026-04-09 14:25:35] INICIANDO MONITORAMENTO PNCP
[2026-04-09 14:25:35] Período: 20260406 a 20260409
[2026-04-09 14:25:35] Consultando MG | Concorrência Eletrônica...
[2026-04-09 14:26:36]   TIMEOUT: MG mod=4 pg=1
[2026-04-09 14:26:36] Consultando MG | Concorrência Presencial...
[2026-04-09 14:26:37] Consultando MG | Pregão Eletrônico...
[2026-04-09 14:26:39]   >> MATCH [45] CONTRATAÇÃO DE EMPRESA ESPECIALIZADA PARA PRESTAÇÃO DE SERVIÇOS DE VISTORIA VEIC...
[2026-04-09 14:27:10]   WARN: status 500 para MG mod=6 pg=3
[2026-04-09 14:27:10] Consultando MG | Pregão Presencial...
[2026-04-09 14:27:11] Consultando MG | Dispensa de Licitação...
[2026-04-09 14:28:11]   TIMEOUT: MG mod=8 pg=1
[2026-04-09 14:28:12] Consultando MG | Inexigibilidade...
[2026-04-09 14:29:22]   TIMEOUT: MG mod=9 pg=8
[2026-04-09 14:29:22] Consultando MG | Credenciamento...
[2026-04-09 14:29:24] Total consultado: 550 contratações
[2026-04-09 14:29:24] Novos matches SST: 1
[2026-04-09 14:29:24] Total ativo no banco: 1
[2026-04-09 14:29:24] MONITORAMENTO CONCLUÍDO
[2026-04-09 14:29:24] ============================================================
[2026-04-09 14:29:40] ============================================================
[2026-04-09 14:29:40] INICIANDO MONITORAMENTO PNCP
[2026-04-09 14:29:40] Período: 20260402 a 20260409
[2026-04-09 14:29:40] Consultando MG | Concorrência Eletrônica...
[2026-04-09 14:30:42]   TIMEOUT: MG mod=4 pg=2
[2026-04-09 14:30:42] Consultando MG | Concorrência Presencial...
[2026-04-09 14:30:45] Consultando MG | Pregão Eletrônico...
[2026-04-09 14:31:46]   TIMEOUT: MG mod=6 pg=1
[2026-04-09 14:31:46] Consultando MG | Pregão Presencial...
[2026-04-09 14:31:47] Consultando MG | Dispensa de Licitação...
[2026-04-09 14:32:47]   TIMEOUT: MG mod=8 pg=1
[2026-04-09 14:32:48] Consultando MG | Inexigibilidade...
[2026-04-09 14:33:52]   TIMEOUT: MG mod=9 pg=4
[2026-04-09 14:33:52] Consultando MG | Credenciamento...
[2026-04-09 14:34:52]   TIMEOUT: MG mod=12 pg=1
[2026-04-09 14:34:53] Consultando GO | Concorrência Eletrônica...
[2026-04-09 14:35:53]   TIMEOUT: GO mod=4 pg=1
[2026-04-09 14:35:53] Consultando GO | Concorrência Presencial...
[2026-04-09 14:35:54] Consultando GO | Pregão Eletrônico...
[2026-04-09 14:36:54]   TIMEOUT: GO mod=6 pg=1
[2026-04-09 14:36:55] Consultando GO | Pregão Presencial...
[2026-04-09 14:36:56] Consultando GO | Dispensa de Licitação...
[2026-04-09 14:36:57]   >> MATCH [60] CONTRATAÇÃO DE EMPRESA ESPECIALIZADA PARA PRESTAÇÃO DE SERVIÇOS CONTÍNUOS DE SEG...
[2026-04-09 14:37:57]   TIMEOUT: GO mod=8 pg=2
[2026-04-09 14:37:58] Consultando GO | Inexigibilidade...
[2026-04-09 14:37:59]   >> MATCH [50] CONTRATAÇÃO DE SERVIÇOS ESPECIALIZADOS EM SAÚDE E SEGURANÇA DO TRABALHO, INCLUIN...
[2026-04-09 14:39:01]   TIMEOUT: GO mod=9 pg=3
[2026-04-09 14:39:01] Consultando GO | Credenciamento...
[2026-04-09 14:40:02]   TIMEOUT: GO mod=12 pg=1
[2026-04-09 14:40:02] Consultando SP | Concorrência Eletrônica...
[2026-04-09 14:40:03]   >> MATCH [30] Contratação de empresa especializada para a execução de serviços de recapeamento...
[2026-04-09 14:40:03]   >> MATCH [30] Contratação de Serviço Técnico de Engenharia para elaboração de laudo técnico de...
[2026-04-09 14:41:04]   TIMEOUT: SP mod=4 pg=2
[2026-04-09 14:41:04] Consultando SP | Concorrência Presencial...
[2026-04-09 14:42:05]   TIMEOUT: SP mod=5 pg=1
[2026-04-09 14:42:05] Consultando SP | Pregão Eletrônico...
[2026-04-09 14:43:05]   TIMEOUT: SP mod=6 pg=1
[2026-04-09 14:43:06] Consultando SP | Pregão Presencial...
[2026-04-09 14:43:07] Consultando SP | Dispensa de Licitação...
[2026-04-09 14:43:08]   >> MATCH [35] Contratação de serviço de treinamento e capacitação da NR-35, voltado para ativi...
[2026-04-09 14:44:09]   TIMEOUT: SP mod=8 pg=2
[2026-04-09 14:44:09] Consultando SP | Inexigibilidade...
[2026-04-09 14:44:17]   >> MATCH [35] Contratação da palestrante Bruna Carolina de Quadros para palestras no Curso: Ri...
[2026-04-09 14:45:18]   TIMEOUT: SP mod=9 pg=6
[2026-04-09 14:45:18] Consultando SP | Credenciamento...
[2026-04-09 14:45:24] Total consultado: 869 contratações
[2026-04-09 14:45:24] Novos matches SST: 6
[2026-04-09 14:45:24] Total ativo no banco: 6
[2026-04-09 14:45:24] MONITORAMENTO CONCLUÍDO
[2026-04-09 14:45:24] ============================================================
